{"/home/dubleu/Desktop/Dubleu/plp Academy/Specialization Module/Full-Stack-WebDevelopment-MERN/deployment-and-devops-essentials-Dubleu-x/mern-deployment/backend/.eslintrc.js": {"path":"/home/dubleu/Desktop/Dubleu/plp Academy/Specialization Module/Full-Stack-WebDevelopment-MERN/deployment-and-devops-essentials-Dubleu-x/mern-deployment/backend/.eslintrc.js","statementMap":{"0":{"start":{"line":1,"column":0},"end":{"line":16,"column":2}}},"fnMap":{},"branchMap":{},"s":{"0":0},"f":{},"b":{}}
,"/home/dubleu/Desktop/Dubleu/plp Academy/Specialization Module/Full-Stack-WebDevelopment-MERN/deployment-and-devops-essentials-Dubleu-x/mern-deployment/backend/server.js": {"path":"/home/dubleu/Desktop/Dubleu/plp Academy/Specialization Module/Full-Stack-WebDevelopment-MERN/deployment-and-devops-essentials-Dubleu-x/mern-deployment/backend/server.js","statementMap":{"0":{"start":{"line":1,"column":16},"end":{"line":1,"column":34}},"1":{"start":{"line":2,"column":13},"end":{"line":2,"column":28}},"2":{"start":{"line":3,"column":0},"end":{"line":3,"column":27}},"3":{"start":{"line":5,"column":18},"end":{"line":5,"column":46}},"4":{"start":{"line":6,"column":37},"end":{"line":6,"column":76}},"5":{"start":{"line":7,"column":21},"end":{"line":7,"column":57}},"6":{"start":{"line":11,"column":0},"end":{"line":25,"column":1}},"7":{"start":{"line":12,"column":2},"end":{"line":12,"column":40}},"8":{"start":{"line":13,"column":2},"end":{"line":13,"column":41}},"9":{"start":{"line":14,"column":2},"end":{"line":14,"column":44}},"10":{"start":{"line":16,"column":2},"end":{"line":16,"column":75}},"11":{"start":{"line":18,"column":2},"end":{"line":18,"column":32}},"12":{"start":{"line":19,"column":2},"end":{"line":19,"column":32}},"13":{"start":{"line":20,"column":2},"end":{"line":20,"column":34}},"14":{"start":{"line":22,"column":2},"end":{"line":22,"column":82}},"15":{"start":{"line":22,"column":40},"end":{"line":22,"column":80}},"16":{"start":{"line":23,"column":2},"end":{"line":23,"column":83}},"17":{"start":{"line":23,"column":40},"end":{"line":23,"column":81}},"18":{"start":{"line":24,"column":2},"end":{"line":24,"column":82}},"19":{"start":{"line":24,"column":38},"end":{"line":24,"column":80}},"20":{"start":{"line":28,"column":0},"end":{"line":28,"column":33}},"21":{"start":{"line":29,"column":0},"end":{"line":29,"column":34}},"22":{"start":{"line":30,"column":0},"end":{"line":30,"column":37}},"23":{"start":{"line":35,"column":0},"end":{"line":35,"column":12}},"24":{"start":{"line":37,"column":12},"end":{"line":37,"column":21}},"25":{"start":{"line":40,"column":0},"end":{"line":40,"column":25}},"26":{"start":{"line":41,"column":0},"end":{"line":41,"column":17}},"27":{"start":{"line":44,"column":0},"end":{"line":44,"column":41}},"28":{"start":{"line":45,"column":0},"end":{"line":45,"column":48}},"29":{"start":{"line":48,"column":0},"end":{"line":51,"column":4}},"30":{"start":{"line":54,"column":0},"end":{"line":54,"column":33}},"31":{"start":{"line":55,"column":0},"end":{"line":55,"column":34}},"32":{"start":{"line":58,"column":0},"end":{"line":65,"column":3}},"33":{"start":{"line":59,"column":2},"end":{"line":64,"column":5}},"34":{"start":{"line":68,"column":0},"end":{"line":96,"column":3}},"35":{"start":{"line":69,"column":2},"end":{"line":95,"column":3}},"36":{"start":{"line":70,"column":21},"end":{"line":70,"column":40}},"37":{"start":{"line":71,"column":21},"end":{"line":71,"column":88}},"38":{"start":{"line":72,"column":24},"end":{"line":72,"column":45}},"39":{"start":{"line":74,"column":23},"end":{"line":86,"column":5}},"40":{"start":{"line":88,"column":4},"end":{"line":88,"column":37}},"41":{"start":{"line":90,"column":4},"end":{"line":94,"column":7}},"42":{"start":{"line":99,"column":0},"end":{"line":104,"column":3}},"43":{"start":{"line":100,"column":2},"end":{"line":103,"column":5}},"44":{"start":{"line":107,"column":0},"end":{"line":107,"column":22}},"45":{"start":{"line":109,"column":13},"end":{"line":109,"column":37}},"46":{"start":{"line":111,"column":15},"end":{"line":113,"column":2}},"47":{"start":{"line":112,"column":2},"end":{"line":112,"column":80}},"48":{"start":{"line":116,"column":0},"end":{"line":121,"column":3}},"49":{"start":{"line":117,"column":2},"end":{"line":117,"column":66}},"50":{"start":{"line":118,"column":2},"end":{"line":120,"column":5}},"51":{"start":{"line":119,"column":4},"end":{"line":119,"column":20}},"52":{"start":{"line":123,"column":0},"end":{"line":123,"column":21}}},"fnMap":{"0":{"name":"(anonymous_0)","decl":{"start":{"line":22,"column":26},"end":{"line":22,"column":27}},"loc":{"start":{"line":22,"column":40},"end":{"line":22,"column":80}},"line":22},"1":{"name":"(anonymous_1)","decl":{"start":{"line":23,"column":26},"end":{"line":23,"column":27}},"loc":{"start":{"line":23,"column":40},"end":{"line":23,"column":81}},"line":23},"2":{"name":"(anonymous_2)","decl":{"start":{"line":24,"column":24},"end":{"line":24,"column":25}},"loc":{"start":{"line":24,"column":38},"end":{"line":24,"column":80}},"line":24},"3":{"name":"(anonymous_3)","decl":{"start":{"line":58,"column":23},"end":{"line":58,"column":24}},"loc":{"start":{"line":58,"column":37},"end":{"line":65,"column":1}},"line":58},"4":{"name":"(anonymous_4)","decl":{"start":{"line":68,"column":32},"end":{"line":68,"column":33}},"loc":{"start":{"line":68,"column":52},"end":{"line":96,"column":1}},"line":68},"5":{"name":"(anonymous_5)","decl":{"start":{"line":99,"column":13},"end":{"line":99,"column":14}},"loc":{"start":{"line":99,"column":27},"end":{"line":104,"column":1}},"line":99},"6":{"name":"(anonymous_6)","decl":{"start":{"line":111,"column":32},"end":{"line":111,"column":33}},"loc":{"start":{"line":111,"column":38},"end":{"line":113,"column":1}},"line":111},"7":{"name":"(anonymous_7)","decl":{"start":{"line":116,"column":33},"end":{"line":116,"column":34}},"loc":{"start":{"line":116,"column":51},"end":{"line":121,"column":1}},"line":116},"8":{"name":"(anonymous_8)","decl":{"start":{"line":118,"column":15},"end":{"line":118,"column":16}},"loc":{"start":{"line":118,"column":21},"end":{"line":120,"column":3}},"line":118}},"branchMap":{"0":{"loc":{"start":{"line":49,"column":10},"end":{"line":49,"column":59}},"type":"binary-expr","locations":[{"start":{"line":49,"column":10},"end":{"line":49,"column":32}},{"start":{"line":49,"column":36},"end":{"line":49,"column":59}}],"line":49},"1":{"loc":{"start":{"line":71,"column":21},"end":{"line":71,"column":88}},"type":"cond-expr","locations":[{"start":{"line":71,"column":60},"end":{"line":71,"column":71}},{"start":{"line":71,"column":74},"end":{"line":71,"column":88}}],"line":71},"2":{"loc":{"start":{"line":85,"column":15},"end":{"line":85,"column":57}},"type":"binary-expr","locations":[{"start":{"line":85,"column":15},"end":{"line":85,"column":46}},{"start":{"line":85,"column":50},"end":{"line":85,"column":57}}],"line":85},"3":{"loc":{"start":{"line":109,"column":13},"end":{"line":109,"column":37}},"type":"binary-expr","locations":[{"start":{"line":109,"column":13},"end":{"line":109,"column":29}},{"start":{"line":109,"column":33},"end":{"line":109,"column":37}}],"line":109}},"s":{"0":0,"1":0,"2":0,"3":0,"4":0,"5":0,"6":0,"7":0,"8":0,"9":0,"10":0,"11":0,"12":0,"13":0,"14":0,"15":0,"16":0,"17":0,"18":0,"19":0,"20":0,"21":0,"22":0,"23":0,"24":0,"25":0,"26":0,"27":0,"28":0,"29":0,"30":0,"31":0,"32":0,"33":0,"34":0,"35":0,"36":0,"37":0,"38":0,"39":0,"40":0,"41":0,"42":0,"43":0,"44":0,"45":0,"46":0,"47":0,"48":0,"49":0,"50":0,"51":0,"52":0},"f":{"0":0,"1":0,"2":0,"3":0,"4":0,"5":0,"6":0,"7":0,"8":0},"b":{"0":[0,0],"1":[0,0],"2":[0,0],"3":[0,0]}}
,"/home/dubleu/Desktop/Dubleu/plp Academy/Specialization Module/Full-Stack-WebDevelopment-MERN/deployment-and-devops-essentials-Dubleu-x/mern-deployment/backend/config/database.js": {"path":"/home/dubleu/Desktop/Dubleu/plp Academy/Specialization Module/Full-Stack-WebDevelopment-MERN/deployment-and-devops-essentials-Dubleu-x/mern-deployment/backend/config/database.js","statementMap":{"0":{"start":{"line":1,"column":17},"end":{"line":1,"column":36}},"1":{"start":{"line":3,"column":18},"end":{"line":36,"column":1}},"2":{"start":{"line":4,"column":2},"end":{"line":35,"column":3}},"3":{"start":{"line":6,"column":4},"end":{"line":8,"column":5}},"4":{"start":{"line":7,"column":6},"end":{"line":7,"column":60}},"5":{"start":{"line":10,"column":17},"end":{"line":16,"column":6}},"6":{"start":{"line":18,"column":4},"end":{"line":18,"column":62}},"7":{"start":{"line":21,"column":4},"end":{"line":23,"column":7}},"8":{"start":{"line":22,"column":6},"end":{"line":22,"column":54}},"9":{"start":{"line":25,"column":4},"end":{"line":27,"column":7}},"10":{"start":{"line":26,"column":6},"end":{"line":26,"column":42}},"11":{"start":{"line":30,"column":4},"end":{"line":30,"column":63}},"12":{"start":{"line":32,"column":4},"end":{"line":34,"column":5}},"13":{"start":{"line":33,"column":6},"end":{"line":33,"column":22}},"14":{"start":{"line":38,"column":0},"end":{"line":38,"column":27}}},"fnMap":{"0":{"name":"(anonymous_0)","decl":{"start":{"line":3,"column":18},"end":{"line":3,"column":19}},"loc":{"start":{"line":3,"column":30},"end":{"line":36,"column":1}},"line":3},"1":{"name":"(anonymous_1)","decl":{"start":{"line":21,"column":36},"end":{"line":21,"column":37}},"loc":{"start":{"line":21,"column":45},"end":{"line":23,"column":5}},"line":21},"2":{"name":"(anonymous_2)","decl":{"start":{"line":25,"column":43},"end":{"line":25,"column":44}},"loc":{"start":{"line":25,"column":49},"end":{"line":27,"column":5}},"line":25}},"branchMap":{"0":{"loc":{"start":{"line":6,"column":4},"end":{"line":8,"column":5}},"type":"if","locations":[{"start":{"line":6,"column":4},"end":{"line":8,"column":5}},{"start":{},"end":{}}],"line":6},"1":{"loc":{"start":{"line":6,"column":8},"end":{"line":6,"column":88}},"type":"binary-expr","locations":[{"start":{"line":6,"column":8},"end":{"line":6,"column":39}},{"start":{"line":6,"column":43},"end":{"line":6,"column":88}}],"line":6},"2":{"loc":{"start":{"line":32,"column":4},"end":{"line":34,"column":5}},"type":"if","locations":[{"start":{"line":32,"column":4},"end":{"line":34,"column":5}},{"start":{},"end":{}}],"line":32}},"s":{"0":1,"1":1,"2":1,"3":1,"4":1,"5":1,"6":1,"7":1,"8":0,"9":1,"10":1,"11":0,"12":0,"13":0,"14":1},"f":{"0":1,"1":0,"2":1},"b":{"0":[1,0],"1":[1,1],"2":[0,0]},"_coverageSchema":"1a1c01bbd47fc00a2c39e90264f33305004495a9","hash":"2fc8631e3df2fb805029b5ae1d6b03ef64b09423"}
,"/home/dubleu/Desktop/Dubleu/plp Academy/Specialization Module/Full-Stack-WebDevelopment-MERN/deployment-and-devops-essentials-Dubleu-x/mern-deployment/backend/middleware/errorHandler.js": {"path":"/home/dubleu/Desktop/Dubleu/plp Academy/Specialization Module/Full-Stack-WebDevelopment-MERN/deployment-and-devops-essentials-Dubleu-x/mern-deployment/backend/middleware/errorHandler.js","statementMap":{"0":{"start":{"line":1,"column":21},"end":{"line":30,"column":1}},"1":{"start":{"line":2,"column":14},"end":{"line":2,"column":24}},"2":{"start":{"line":3,"column":2},"end":{"line":3,"column":30}},"3":{"start":{"line":6,"column":2},"end":{"line":6,"column":21}},"4":{"start":{"line":9,"column":2},"end":{"line":12,"column":3}},"5":{"start":{"line":10,"column":20},"end":{"line":10,"column":40}},"6":{"start":{"line":11,"column":4},"end":{"line":11,"column":41}},"7":{"start":{"line":15,"column":2},"end":{"line":18,"column":3}},"8":{"start":{"line":16,"column":20},"end":{"line":16,"column":51}},"9":{"start":{"line":17,"column":4},"end":{"line":17,"column":41}},"10":{"start":{"line":21,"column":2},"end":{"line":24,"column":3}},"11":{"start":{"line":22,"column":20},"end":{"line":22,"column":69}},"12":{"start":{"line":22,"column":57},"end":{"line":22,"column":68}},"13":{"start":{"line":23,"column":4},"end":{"line":23,"column":41}},"14":{"start":{"line":26,"column":2},"end":{"line":29,"column":5}},"15":{"start":{"line":32,"column":0},"end":{"line":32,"column":30}}},"fnMap":{"0":{"name":"(anonymous_0)","decl":{"start":{"line":1,"column":21},"end":{"line":1,"column":22}},"loc":{"start":{"line":1,"column":46},"end":{"line":30,"column":1}},"line":1},"1":{"name":"(anonymous_1)","decl":{"start":{"line":22,"column":50},"end":{"line":22,"column":51}},"loc":{"start":{"line":22,"column":57},"end":{"line":22,"column":68}},"line":22}},"branchMap":{"0":{"loc":{"start":{"line":9,"column":2},"end":{"line":12,"column":3}},"type":"if","locations":[{"start":{"line":9,"column":2},"end":{"line":12,"column":3}},{"start":{},"end":{}}],"line":9},"1":{"loc":{"start":{"line":15,"column":2},"end":{"line":18,"column":3}},"type":"if","locations":[{"start":{"line":15,"column":2},"end":{"line":18,"column":3}},{"start":{},"end":{}}],"line":15},"2":{"loc":{"start":{"line":21,"column":2},"end":{"line":24,"column":3}},"type":"if","locations":[{"start":{"line":21,"column":2},"end":{"line":24,"column":3}},{"start":{},"end":{}}],"line":21},"3":{"loc":{"start":{"line":26,"column":13},"end":{"line":26,"column":36}},"type":"binary-expr","locations":[{"start":{"line":26,"column":13},"end":{"line":26,"column":29}},{"start":{"line":26,"column":33},"end":{"line":26,"column":36}}],"line":26},"4":{"loc":{"start":{"line":28,"column":11},"end":{"line":28,"column":42}},"type":"binary-expr","locations":[{"start":{"line":28,"column":11},"end":{"line":28,"column":24}},{"start":{"line":28,"column":28},"end":{"line":28,"column":42}}],"line":28}},"s":{"0":0,"1":0,"2":0,"3":0,"4":0,"5":0,"6":0,"7":0,"8":0,"9":0,"10":0,"11":0,"12":0,"13":0,"14":0,"15":0},"f":{"0":0,"1":0},"b":{"0":[0,0],"1":[0,0],"2":[0,0],"3":[0,0],"4":[0,0]}}
,"/home/dubleu/Desktop/Dubleu/plp Academy/Specialization Module/Full-Stack-WebDevelopment-MERN/deployment-and-devops-essentials-Dubleu-x/mern-deployment/backend/middleware/logger.js": {"path":"/home/dubleu/Desktop/Dubleu/plp Academy/Specialization Module/Full-Stack-WebDevelopment-MERN/deployment-and-devops-essentials-Dubleu-x/mern-deployment/backend/middleware/logger.js","statementMap":{"0":{"start":{"line":1,"column":16},"end":{"line":1,"column":34}},"1":{"start":{"line":2,"column":13},"end":{"line":2,"column":28}},"2":{"start":{"line":3,"column":11},"end":{"line":3,"column":24}},"3":{"start":{"line":6,"column":16},"end":{"line":6,"column":47}},"4":{"start":{"line":7,"column":0},"end":{"line":9,"column":1}},"5":{"start":{"line":8,"column":2},"end":{"line":8,"column":45}},"6":{"start":{"line":12,"column":18},"end":{"line":18,"column":1}},"7":{"start":{"line":21,"column":15},"end":{"line":43,"column":2}},"8":{"start":{"line":46,"column":0},"end":{"line":59,"column":1}},"9":{"start":{"line":47,"column":2},"end":{"line":58,"column":6}},"10":{"start":{"line":52,"column":8},"end":{"line":54,"column":9}},"11":{"start":{"line":53,"column":10},"end":{"line":53,"column":63}},"12":{"start":{"line":55,"column":8},"end":{"line":55,"column":51}},"13":{"start":{"line":62,"column":0},"end":{"line":66,"column":2}},"14":{"start":{"line":68,"column":0},"end":{"line":72,"column":2}},"15":{"start":{"line":74,"column":0},"end":{"line":74,"column":24}}},"fnMap":{"0":{"name":"(anonymous_0)","decl":{"start":{"line":51,"column":28},"end":{"line":51,"column":29}},"loc":{"start":{"line":51,"column":70},"end":{"line":56,"column":7}},"line":51}},"branchMap":{"0":{"loc":{"start":{"line":7,"column":0},"end":{"line":9,"column":1}},"type":"if","locations":[{"start":{"line":7,"column":0},"end":{"line":9,"column":1}},{"start":{},"end":{}}],"line":7},"1":{"loc":{"start":{"line":22,"column":9},"end":{"line":22,"column":65}},"type":"cond-expr","locations":[{"start":{"line":22,"column":49},"end":{"line":22,"column":55}},{"start":{"line":22,"column":58},"end":{"line":22,"column":65}}],"line":22},"2":{"loc":{"start":{"line":26,"column":17},"end":{"line":26,"column":54}},"type":"binary-expr","locations":[{"start":{"line":26,"column":17},"end":{"line":26,"column":37}},{"start":{"line":26,"column":41},"end":{"line":26,"column":54}}],"line":26},"3":{"loc":{"start":{"line":46,"column":0},"end":{"line":59,"column":1}},"type":"if","locations":[{"start":{"line":46,"column":0},"end":{"line":59,"column":1}},{"start":{},"end":{}}],"line":46},"4":{"loc":{"start":{"line":52,"column":8},"end":{"line":54,"column":9}},"type":"if","locations":[{"start":{"line":52,"column":8},"end":{"line":54,"column":9}},{"start":{},"end":{}}],"line":52}},"s":{"0":0,"1":0,"2":0,"3":0,"4":0,"5":0,"6":0,"7":0,"8":0,"9":0,"10":0,"11":0,"12":0,"13":0,"14":0,"15":0},"f":{"0":0},"b":{"0":[0,0],"1":[0,0],"2":[0,0],"3":[0,0],"4":[0,0]}}
,"/home/dubleu/Desktop/Dubleu/plp Academy/Specialization Module/Full-Stack-WebDevelopment-MERN/deployment-and-devops-essentials-Dubleu-x/mern-deployment/backend/middleware/securityHeaders.js": {"path":"/home/dubleu/Desktop/Dubleu/plp Academy/Specialization Module/Full-Stack-WebDevelopment-MERN/deployment-and-devops-essentials-Dubleu-x/mern-deployment/backend/middleware/securityHeaders.js","statementMap":{"0":{"start":{"line":1,"column":15},"end":{"line":1,"column":32}},"1":{"start":{"line":2,"column":18},"end":{"line":2,"column":47}},"2":{"start":{"line":5,"column":24},"end":{"line":15,"column":2}},"3":{"start":{"line":18,"column":16},"end":{"line":26,"column":2}},"4":{"start":{"line":28,"column":0},"end":{"line":28,"column":46}}},"fnMap":{},"branchMap":{},"s":{"0":1,"1":1,"2":1,"3":1,"4":1},"f":{},"b":{},"_coverageSchema":"1a1c01bbd47fc00a2c39e90264f33305004495a9","hash":"2238d4049de78981fa4dc98c3892c5bfcfa72b2d"}
,"/home/dubleu/Desktop/Dubleu/plp Academy/Specialization Module/Full-Stack-WebDevelopment-MERN/deployment-and-devops-essentials-Dubleu-x/mern-deployment/backend/routes/auth.js": {"path":"/home/dubleu/Desktop/Dubleu/plp Academy/Specialization Module/Full-Stack-WebDevelopment-MERN/deployment-and-devops-essentials-Dubleu-x/mern-deployment/backend/routes/auth.js","statementMap":{"0":{"start":{"line":1,"column":16},"end":{"line":1,"column":34}},"1":{"start":{"line":2,"column":15},"end":{"line":2,"column":31}},"2":{"start":{"line":5,"column":0},"end":{"line":11,"column":3}},"3":{"start":{"line":6,"column":2},"end":{"line":10,"column":5}},"4":{"start":{"line":13,"column":0},"end":{"line":20,"column":3}},"5":{"start":{"line":14,"column":2},"end":{"line":19,"column":5}},"6":{"start":{"line":22,"column":0},"end":{"line":27,"column":3}},"7":{"start":{"line":23,"column":2},"end":{"line":26,"column":5}},"8":{"start":{"line":29,"column":0},"end":{"line":29,"column":24}}},"fnMap":{"0":{"name":"(anonymous_0)","decl":{"start":{"line":5,"column":25},"end":{"line":5,"column":26}},"loc":{"start":{"line":5,"column":39},"end":{"line":11,"column":1}},"line":5},"1":{"name":"(anonymous_1)","decl":{"start":{"line":13,"column":22},"end":{"line":13,"column":23}},"loc":{"start":{"line":13,"column":36},"end":{"line":20,"column":1}},"line":13},"2":{"name":"(anonymous_2)","decl":{"start":{"line":22,"column":22},"end":{"line":22,"column":23}},"loc":{"start":{"line":22,"column":36},"end":{"line":27,"column":1}},"line":22}},"branchMap":{},"s":{"0":1,"1":1,"2":1,"3":0,"4":1,"5":0,"6":1,"7":0,"8":1},"f":{"0":0,"1":0,"2":0},"b":{},"_coverageSchema":"1a1c01bbd47fc00a2c39e90264f33305004495a9","hash":"42d0342692ea80a901d929fc8828559742c05f05"}
,"/home/dubleu/Desktop/Dubleu/plp Academy/Specialization Module/Full-Stack-WebDevelopment-MERN/deployment-and-devops-essentials-Dubleu-x/mern-deployment/backend/routes/health.js": {"path":"/home/dubleu/Desktop/Dubleu/plp Academy/Specialization Module/Full-Stack-WebDevelopment-MERN/deployment-and-devops-essentials-Dubleu-x/mern-deployment/backend/routes/health.js","statementMap":{"0":{"start":{"line":1,"column":16},"end":{"line":1,"column":34}},"1":{"start":{"line":2,"column":17},"end":{"line":2,"column":36}},"2":{"start":{"line":3,"column":15},"end":{"line":3,"column":31}},"3":{"start":{"line":6,"column":0},"end":{"line":13,"column":3}},"4":{"start":{"line":7,"column":2},"end":{"line":12,"column":5}},"5":{"start":{"line":16,"column":0},"end":{"line":43,"column":3}},"6":{"start":{"line":17,"column":2},"end":{"line":42,"column":3}},"7":{"start":{"line":18,"column":21},"end":{"line":18,"column":88}},"8":{"start":{"line":19,"column":24},"end":{"line":19,"column":45}},"9":{"start":{"line":21,"column":23},"end":{"line":33,"column":5}},"10":{"start":{"line":35,"column":4},"end":{"line":35,"column":37}},"11":{"start":{"line":37,"column":4},"end":{"line":41,"column":7}},"12":{"start":{"line":45,"column":0},"end":{"line":45,"column":24}}},"fnMap":{"0":{"name":"(anonymous_0)","decl":{"start":{"line":6,"column":16},"end":{"line":6,"column":17}},"loc":{"start":{"line":6,"column":30},"end":{"line":13,"column":1}},"line":6},"1":{"name":"(anonymous_1)","decl":{"start":{"line":16,"column":24},"end":{"line":16,"column":25}},"loc":{"start":{"line":16,"column":44},"end":{"line":43,"column":1}},"line":16}},"branchMap":{"0":{"loc":{"start":{"line":18,"column":21},"end":{"line":18,"column":88}},"type":"cond-expr","locations":[{"start":{"line":18,"column":60},"end":{"line":18,"column":71}},{"start":{"line":18,"column":74},"end":{"line":18,"column":88}}],"line":18},"1":{"loc":{"start":{"line":32,"column":15},"end":{"line":32,"column":57}},"type":"binary-expr","locations":[{"start":{"line":32,"column":15},"end":{"line":32,"column":46}},{"start":{"line":32,"column":50},"end":{"line":32,"column":57}}],"line":32}},"s":{"0":1,"1":1,"2":1,"3":1,"4":1,"5":1,"6":1,"7":1,"8":1,"9":1,"10":1,"11":0,"12":1},"f":{"0":1,"1":1},"b":{"0":[1,0],"1":[1,1]},"_coverageSchema":"1a1c01bbd47fc00a2c39e90264f33305004495a9","hash":"78eaf0ff428e3c78d2d2c86151821dc8709b47e7"}
,"/home/dubleu/Desktop/Dubleu/plp Academy/Specialization Module/Full-Stack-WebDevelopment-MERN/deployment-and-devops-essentials-Dubleu-x/mern-deployment/backend/routes/users.js": {"path":"/home/dubleu/Desktop/Dubleu/plp Academy/Specialization Module/Full-Stack-WebDevelopment-MERN/deployment-and-devops-essentials-Dubleu-x/mern-deployment/backend/routes/users.js","statementMap":{"0":{"start":{"line":1,"column":16},"end":{"line":1,"column":34}},"1":{"start":{"line":2,"column":15},"end":{"line":2,"column":31}},"2":{"start":{"line":5,"column":0},"end":{"line":13,"column":3}},"3":{"start":{"line":6,"column":2},"end":{"line":12,"column":5}},"4":{"start":{"line":15,"column":0},"end":{"line":24,"column":3}},"5":{"start":{"line":16,"column":2},"end":{"line":23,"column":5}},"6":{"start":{"line":26,"column":0},"end":{"line":32,"column":3}},"7":{"start":{"line":27,"column":2},"end":{"line":31,"column":5}},"8":{"start":{"line":34,"column":0},"end":{"line":39,"column":3}},"9":{"start":{"line":35,"column":2},"end":{"line":38,"column":5}},"10":{"start":{"line":41,"column":0},"end":{"line":41,"column":24}}},"fnMap":{"0":{"name":"(anonymous_0)","decl":{"start":{"line":5,"column":16},"end":{"line":5,"column":17}},"loc":{"start":{"line":5,"column":30},"end":{"line":13,"column":1}},"line":5},"1":{"name":"(anonymous_1)","decl":{"start":{"line":15,"column":19},"end":{"line":15,"column":20}},"loc":{"start":{"line":15,"column":33},"end":{"line":24,"column":1}},"line":15},"2":{"name":"(anonymous_2)","decl":{"start":{"line":26,"column":19},"end":{"line":26,"column":20}},"loc":{"start":{"line":26,"column":33},"end":{"line":32,"column":1}},"line":26},"3":{"name":"(anonymous_3)","decl":{"start":{"line":34,"column":22},"end":{"line":34,"column":23}},"loc":{"start":{"line":34,"column":36},"end":{"line":39,"column":1}},"line":34}},"branchMap":{},"s":{"0":1,"1":1,"2":1,"3":0,"4":1,"5":0,"6":1,"7":0,"8":1,"9":0,"10":1},"f":{"0":0,"1":0,"2":0,"3":0},"b":{},"_coverageSchema":"1a1c01bbd47fc00a2c39e90264f33305004495a9","hash":"d55697c02226fc526f91b938cd1090c03e2e09ac"}
,"/home/dubleu/Desktop/Dubleu/plp Academy/Specialization Module/Full-Stack-WebDevelopment-MERN/deployment-and-devops-essentials-Dubleu-x/mern-deployment/backend/utils/envValidator.js": {"path":"/home/dubleu/Desktop/Dubleu/plp Academy/Specialization Module/Full-Stack-WebDevelopment-MERN/deployment-and-devops-essentials-Dubleu-x/mern-deployment/backend/utils/envValidator.js","statementMap":{"0":{"start":{"line":1,"column":24},"end":{"line":5,"column":1}},"1":{"start":{"line":7,"column":20},"end":{"line":16,"column":1}},"2":{"start":{"line":8,"column":18},"end":{"line":8,"column":72}},"3":{"start":{"line":8,"column":51},"end":{"line":8,"column":71}},"4":{"start":{"line":10,"column":2},"end":{"line":13,"column":3}},"5":{"start":{"line":11,"column":4},"end":{"line":11,"column":81}},"6":{"start":{"line":12,"column":4},"end":{"line":12,"column":20}},"7":{"start":{"line":15,"column":2},"end":{"line":15,"column":62}},"8":{"start":{"line":18,"column":0},"end":{"line":18,"column":29}}},"fnMap":{"0":{"name":"(anonymous_0)","decl":{"start":{"line":7,"column":20},"end":{"line":7,"column":21}},"loc":{"start":{"line":7,"column":26},"end":{"line":16,"column":1}},"line":7},"1":{"name":"(anonymous_1)","decl":{"start":{"line":8,"column":41},"end":{"line":8,"column":42}},"loc":{"start":{"line":8,"column":51},"end":{"line":8,"column":71}},"line":8}},"branchMap":{"0":{"loc":{"start":{"line":10,"column":2},"end":{"line":13,"column":3}},"type":"if","locations":[{"start":{"line":10,"column":2},"end":{"line":13,"column":3}},{"start":{},"end":{}}],"line":10}},"s":{"0":0,"1":0,"2":0,"3":0,"4":0,"5":0,"6":0,"7":0,"8":0},"f":{"0":0,"1":0},"b":{"0":[0,0]}}
}
